[1.205s] DEBUG:colcon:Command line arguments: ['/usr/bin/colcon', 'build']
[1.205s] DEBUG:colcon:Parsed command line arguments: Namespace(allow_overriding=[], ament_cmake_args=None, base_paths=['.'], build_base='build', catkin_cmake_args=None, catkin_skip_building_tests=False, cmake_args=None, cmake_clean_cache=False, cmake_clean_first=False, cmake_force_configure=False, cmake_target=None, cmake_target_skip_unavailable=False, continue_on_error=False, event_handlers=None, executor='parallel', ignore_user_meta=False, install_base='install', log_base=None, log_level=None, main=<bound method BuildVerb.main of <colcon_core.verb.build.BuildVerb object at 0x7fa98c2be0>>, merge_install=False, metas=['./colcon.meta'], packages_above=None, packages_above_and_dependencies=None, packages_above_depth=None, packages_end=None, packages_ignore=None, packages_ignore_regex=None, packages_select=None, packages_select_build_failed=False, packages_select_by_dep=None, packages_select_regex=None, packages_select_test_failures=False, packages_skip=None, packages_skip_build_finished=False, packages_skip_by_dep=None, packages_skip_regex=None, packages_skip_test_passed=False, packages_skip_up_to=None, packages_start=None, packages_up_to=None, packages_up_to_regex=None, parallel_workers=4, paths=None, symlink_install=False, test_result_base=None, verb_extension=<colcon_core.verb.build.BuildVerb object at 0x7fa98c2be0>, verb_name='build', verb_parser=<colcon_defaults.argument_parser.defaults.DefaultArgumentsDecorator object at 0x7fa984e190>)
[1.389s] Level 1:colcon.colcon_core.package_discovery:discover_packages(colcon_meta) check parameters
[1.390s] Level 1:colcon.colcon_core.package_discovery:discover_packages(recursive) check parameters
[1.390s] Level 1:colcon.colcon_core.package_discovery:discover_packages(ignore) check parameters
[1.390s] Level 1:colcon.colcon_core.package_discovery:discover_packages(path) check parameters
[1.390s] Level 1:colcon.colcon_core.package_discovery:discover_packages(colcon_meta) discover
[1.391s] Level 1:colcon.colcon_core.package_discovery:discover_packages(recursive) discover
[1.391s] INFO:colcon.colcon_core.package_discovery:Crawling recursively for packages in '/home/dr/amr-travelobot/ros_ws/src/odrive_ros2_control'
[1.391s] Level 1:colcon.colcon_core.package_identification:_identify(.) by extensions ['ignore', 'ignore_ament_install']
[1.392s] Level 1:colcon.colcon_core.package_identification:_identify(.) by extension 'ignore'
[1.392s] Level 1:colcon.colcon_core.package_identification:_identify(.) by extension 'ignore_ament_install'
[1.393s] Level 1:colcon.colcon_core.package_identification:_identify(.) by extensions ['colcon_pkg']
[1.393s] Level 1:colcon.colcon_core.package_identification:_identify(.) by extension 'colcon_pkg'
[1.393s] Level 1:colcon.colcon_core.package_identification:_identify(.) by extensions ['colcon_meta']
[1.393s] Level 1:colcon.colcon_core.package_identification:_identify(.) by extension 'colcon_meta'
[1.393s] Level 1:colcon.colcon_core.package_identification:_identify(.) by extensions ['ros']
[1.394s] Level 1:colcon.colcon_core.package_identification:_identify(.) by extension 'ros'
[1.457s] Level 1:colcon.colcon_core.package_identification:_identify(.) by extensions ['cmake', 'python']
[1.457s] Level 1:colcon.colcon_core.package_identification:_identify(.) by extension 'cmake'
[1.457s] Level 1:colcon.colcon_core.package_identification:_identify(.) by extension 'python'
[1.457s] Level 1:colcon.colcon_core.package_identification:_identify(.) by extensions ['python_setup_py']
[1.458s] Level 1:colcon.colcon_core.package_identification:_identify(.) by extension 'python_setup_py'
[1.458s] Level 1:colcon.colcon_core.package_identification:_identify(build) by extensions ['ignore', 'ignore_ament_install']
[1.459s] Level 1:colcon.colcon_core.package_identification:_identify(build) by extension 'ignore'
[1.459s] Level 1:colcon.colcon_core.package_identification:_identify(build) ignored
[1.459s] Level 1:colcon.colcon_core.package_identification:_identify(install) by extensions ['ignore', 'ignore_ament_install']
[1.460s] Level 1:colcon.colcon_core.package_identification:_identify(install) by extension 'ignore'
[1.460s] Level 1:colcon.colcon_core.package_identification:_identify(install) ignored
[1.460s] Level 1:colcon.colcon_core.package_identification:_identify(log) by extensions ['ignore', 'ignore_ament_install']
[1.461s] Level 1:colcon.colcon_core.package_identification:_identify(log) by extension 'ignore'
[1.461s] Level 1:colcon.colcon_core.package_identification:_identify(log) ignored
[1.461s] Level 1:colcon.colcon_core.package_identification:_identify(odrive_bringup) by extensions ['ignore', 'ignore_ament_install']
[1.461s] Level 1:colcon.colcon_core.package_identification:_identify(odrive_bringup) by extension 'ignore'
[1.462s] Level 1:colcon.colcon_core.package_identification:_identify(odrive_bringup) by extension 'ignore_ament_install'
[1.462s] Level 1:colcon.colcon_core.package_identification:_identify(odrive_bringup) by extensions ['colcon_pkg']
[1.462s] Level 1:colcon.colcon_core.package_identification:_identify(odrive_bringup) by extension 'colcon_pkg'
[1.462s] Level 1:colcon.colcon_core.package_identification:_identify(odrive_bringup) by extensions ['colcon_meta']
[1.462s] Level 1:colcon.colcon_core.package_identification:_identify(odrive_bringup) by extension 'colcon_meta'
[1.463s] Level 1:colcon.colcon_core.package_identification:_identify(odrive_bringup) by extensions ['ros']
[1.463s] Level 1:colcon.colcon_core.package_identification:_identify(odrive_bringup) by extension 'ros'
[1.480s] DEBUG:colcon.colcon_core.package_identification:Package 'odrive_bringup' with type 'ros.ament_cmake' and name 'odrive_bringup'
[1.480s] Level 1:colcon.colcon_core.package_identification:_identify(odrive_description) by extensions ['ignore', 'ignore_ament_install']
[1.481s] Level 1:colcon.colcon_core.package_identification:_identify(odrive_description) by extension 'ignore'
[1.481s] Level 1:colcon.colcon_core.package_identification:_identify(odrive_description) by extension 'ignore_ament_install'
[1.481s] Level 1:colcon.colcon_core.package_identification:_identify(odrive_description) by extensions ['colcon_pkg']
[1.482s] Level 1:colcon.colcon_core.package_identification:_identify(odrive_description) by extension 'colcon_pkg'
[1.482s] Level 1:colcon.colcon_core.package_identification:_identify(odrive_description) by extensions ['colcon_meta']
[1.482s] Level 1:colcon.colcon_core.package_identification:_identify(odrive_description) by extension 'colcon_meta'
[1.482s] Level 1:colcon.colcon_core.package_identification:_identify(odrive_description) by extensions ['ros']
[1.482s] Level 1:colcon.colcon_core.package_identification:_identify(odrive_description) by extension 'ros'
[1.485s] DEBUG:colcon.colcon_core.package_identification:Package 'odrive_description' with type 'ros.ament_cmake' and name 'odrive_description'
[1.485s] Level 1:colcon.colcon_core.package_identification:_identify(odrive_hardware_interface) by extensions ['ignore', 'ignore_ament_install']
[1.485s] Level 1:colcon.colcon_core.package_identification:_identify(odrive_hardware_interface) by extension 'ignore'
[1.486s] Level 1:colcon.colcon_core.package_identification:_identify(odrive_hardware_interface) by extension 'ignore_ament_install'
[1.486s] Level 1:colcon.colcon_core.package_identification:_identify(odrive_hardware_interface) by extensions ['colcon_pkg']
[1.486s] Level 1:colcon.colcon_core.package_identification:_identify(odrive_hardware_interface) by extension 'colcon_pkg'
[1.486s] Level 1:colcon.colcon_core.package_identification:_identify(odrive_hardware_interface) by extensions ['colcon_meta']
[1.486s] Level 1:colcon.colcon_core.package_identification:_identify(odrive_hardware_interface) by extension 'colcon_meta'
[1.487s] Level 1:colcon.colcon_core.package_identification:_identify(odrive_hardware_interface) by extensions ['ros']
[1.487s] Level 1:colcon.colcon_core.package_identification:_identify(odrive_hardware_interface) by extension 'ros'
[1.490s] DEBUG:colcon.colcon_core.package_identification:Package 'odrive_hardware_interface' with type 'ros.ament_cmake' and name 'odrive_hardware_interface'
[1.491s] Level 1:colcon.colcon_core.package_identification:_identify(odrive_ros2_control) by extensions ['ignore', 'ignore_ament_install']
[1.492s] Level 1:colcon.colcon_core.package_identification:_identify(odrive_ros2_control) by extension 'ignore'
[1.492s] Level 1:colcon.colcon_core.package_identification:_identify(odrive_ros2_control) by extension 'ignore_ament_install'
[1.492s] Level 1:colcon.colcon_core.package_identification:_identify(odrive_ros2_control) by extensions ['colcon_pkg']
[1.492s] Level 1:colcon.colcon_core.package_identification:_identify(odrive_ros2_control) by extension 'colcon_pkg'
[1.493s] Level 1:colcon.colcon_core.package_identification:_identify(odrive_ros2_control) by extensions ['colcon_meta']
[1.493s] Level 1:colcon.colcon_core.package_identification:_identify(odrive_ros2_control) by extension 'colcon_meta'
[1.493s] Level 1:colcon.colcon_core.package_identification:_identify(odrive_ros2_control) by extensions ['ros']
[1.493s] Level 1:colcon.colcon_core.package_identification:_identify(odrive_ros2_control) by extension 'ros'
[1.495s] DEBUG:colcon.colcon_core.package_identification:Package 'odrive_ros2_control' with type 'ros.ament_cmake' and name 'odrive_ros2_control'
[1.495s] Level 1:colcon.colcon_core.package_discovery:discover_packages(recursive) using defaults
[1.496s] Level 1:colcon.colcon_core.package_discovery:discover_packages(ignore) discover
[1.496s] Level 1:colcon.colcon_core.package_discovery:discover_packages(ignore) using defaults
[1.496s] Level 1:colcon.colcon_core.package_discovery:discover_packages(path) discover
[1.496s] Level 1:colcon.colcon_core.package_discovery:discover_packages(path) using defaults
[1.636s] Level 1:colcon.colcon_core.package_discovery:discover_packages(prefix_path) check parameters
[1.637s] Level 1:colcon.colcon_core.package_discovery:discover_packages(prefix_path) discover
[1.647s] Level 1:colcon.colcon_core.package_discovery:discover_packages(prefix_path) using defaults
[1.657s] Level 5:colcon.colcon_core.verb:set package 'odrive_description' build argument 'cmake_args' from command line to 'None'
[1.657s] Level 5:colcon.colcon_core.verb:set package 'odrive_description' build argument 'cmake_target' from command line to 'None'
[1.658s] Level 5:colcon.colcon_core.verb:set package 'odrive_description' build argument 'cmake_target_skip_unavailable' from command line to 'False'
[1.658s] Level 5:colcon.colcon_core.verb:set package 'odrive_description' build argument 'cmake_clean_cache' from command line to 'False'
[1.658s] Level 5:colcon.colcon_core.verb:set package 'odrive_description' build argument 'cmake_clean_first' from command line to 'False'
[1.658s] Level 5:colcon.colcon_core.verb:set package 'odrive_description' build argument 'cmake_force_configure' from command line to 'False'
[1.658s] Level 5:colcon.colcon_core.verb:set package 'odrive_description' build argument 'ament_cmake_args' from command line to 'None'
[1.658s] Level 5:colcon.colcon_core.verb:set package 'odrive_description' build argument 'catkin_cmake_args' from command line to 'None'
[1.658s] Level 5:colcon.colcon_core.verb:set package 'odrive_description' build argument 'catkin_skip_building_tests' from command line to 'False'
[1.659s] DEBUG:colcon.colcon_core.verb:Building package 'odrive_description' with the following arguments: {'ament_cmake_args': None, 'build_base': '/home/dr/amr-travelobot/ros_ws/src/odrive_ros2_control/build/odrive_description', 'catkin_cmake_args': None, 'catkin_skip_building_tests': False, 'cmake_args': None, 'cmake_clean_cache': False, 'cmake_clean_first': False, 'cmake_force_configure': False, 'cmake_target': None, 'cmake_target_skip_unavailable': False, 'install_base': '/home/dr/amr-travelobot/ros_ws/src/odrive_ros2_control/install/odrive_description', 'merge_install': False, 'path': '/home/dr/amr-travelobot/ros_ws/src/odrive_ros2_control/odrive_description', 'symlink_install': False, 'test_result_base': None}
[1.664s] Level 5:colcon.colcon_core.verb:set package 'odrive_hardware_interface' build argument 'cmake_args' from command line to 'None'
[1.664s] Level 5:colcon.colcon_core.verb:set package 'odrive_hardware_interface' build argument 'cmake_target' from command line to 'None'
[1.664s] Level 5:colcon.colcon_core.verb:set package 'odrive_hardware_interface' build argument 'cmake_target_skip_unavailable' from command line to 'False'
[1.665s] Level 5:colcon.colcon_core.verb:set package 'odrive_hardware_interface' build argument 'cmake_clean_cache' from command line to 'False'
[1.665s] Level 5:colcon.colcon_core.verb:set package 'odrive_hardware_interface' build argument 'cmake_clean_first' from command line to 'False'
[1.665s] Level 5:colcon.colcon_core.verb:set package 'odrive_hardware_interface' build argument 'cmake_force_configure' from command line to 'False'
[1.665s] Level 5:colcon.colcon_core.verb:set package 'odrive_hardware_interface' build argument 'ament_cmake_args' from command line to 'None'
[1.665s] Level 5:colcon.colcon_core.verb:set package 'odrive_hardware_interface' build argument 'catkin_cmake_args' from command line to 'None'
[1.665s] Level 5:colcon.colcon_core.verb:set package 'odrive_hardware_interface' build argument 'catkin_skip_building_tests' from command line to 'False'
[1.665s] DEBUG:colcon.colcon_core.verb:Building package 'odrive_hardware_interface' with the following arguments: {'ament_cmake_args': None, 'build_base': '/home/dr/amr-travelobot/ros_ws/src/odrive_ros2_control/build/odrive_hardware_interface', 'catkin_cmake_args': None, 'catkin_skip_building_tests': False, 'cmake_args': None, 'cmake_clean_cache': False, 'cmake_clean_first': False, 'cmake_force_configure': False, 'cmake_target': None, 'cmake_target_skip_unavailable': False, 'install_base': '/home/dr/amr-travelobot/ros_ws/src/odrive_ros2_control/install/odrive_hardware_interface', 'merge_install': False, 'path': '/home/dr/amr-travelobot/ros_ws/src/odrive_ros2_control/odrive_hardware_interface', 'symlink_install': False, 'test_result_base': None}
[1.671s] Level 5:colcon.colcon_core.verb:set package 'odrive_bringup' build argument 'cmake_args' from command line to 'None'
[1.671s] Level 5:colcon.colcon_core.verb:set package 'odrive_bringup' build argument 'cmake_target' from command line to 'None'
[1.671s] Level 5:colcon.colcon_core.verb:set package 'odrive_bringup' build argument 'cmake_target_skip_unavailable' from command line to 'False'
[1.671s] Level 5:colcon.colcon_core.verb:set package 'odrive_bringup' build argument 'cmake_clean_cache' from command line to 'False'
[1.671s] Level 5:colcon.colcon_core.verb:set package 'odrive_bringup' build argument 'cmake_clean_first' from command line to 'False'
[1.671s] Level 5:colcon.colcon_core.verb:set package 'odrive_bringup' build argument 'cmake_force_configure' from command line to 'False'
[1.672s] Level 5:colcon.colcon_core.verb:set package 'odrive_bringup' build argument 'ament_cmake_args' from command line to 'None'
[1.672s] Level 5:colcon.colcon_core.verb:set package 'odrive_bringup' build argument 'catkin_cmake_args' from command line to 'None'
[1.672s] Level 5:colcon.colcon_core.verb:set package 'odrive_bringup' build argument 'catkin_skip_building_tests' from command line to 'False'
[1.672s] DEBUG:colcon.colcon_core.verb:Building package 'odrive_bringup' with the following arguments: {'ament_cmake_args': None, 'build_base': '/home/dr/amr-travelobot/ros_ws/src/odrive_ros2_control/build/odrive_bringup', 'catkin_cmake_args': None, 'catkin_skip_building_tests': False, 'cmake_args': None, 'cmake_clean_cache': False, 'cmake_clean_first': False, 'cmake_force_configure': False, 'cmake_target': None, 'cmake_target_skip_unavailable': False, 'install_base': '/home/dr/amr-travelobot/ros_ws/src/odrive_ros2_control/install/odrive_bringup', 'merge_install': False, 'path': '/home/dr/amr-travelobot/ros_ws/src/odrive_ros2_control/odrive_bringup', 'symlink_install': False, 'test_result_base': None}
[1.677s] Level 5:colcon.colcon_core.verb:set package 'odrive_ros2_control' build argument 'cmake_args' from command line to 'None'
[1.677s] Level 5:colcon.colcon_core.verb:set package 'odrive_ros2_control' build argument 'cmake_target' from command line to 'None'
[1.677s] Level 5:colcon.colcon_core.verb:set package 'odrive_ros2_control' build argument 'cmake_target_skip_unavailable' from command line to 'False'
[1.677s] Level 5:colcon.colcon_core.verb:set package 'odrive_ros2_control' build argument 'cmake_clean_cache' from command line to 'False'
[1.677s] Level 5:colcon.colcon_core.verb:set package 'odrive_ros2_control' build argument 'cmake_clean_first' from command line to 'False'
[1.677s] Level 5:colcon.colcon_core.verb:set package 'odrive_ros2_control' build argument 'cmake_force_configure' from command line to 'False'
[1.678s] Level 5:colcon.colcon_core.verb:set package 'odrive_ros2_control' build argument 'ament_cmake_args' from command line to 'None'
[1.678s] Level 5:colcon.colcon_core.verb:set package 'odrive_ros2_control' build argument 'catkin_cmake_args' from command line to 'None'
[1.678s] Level 5:colcon.colcon_core.verb:set package 'odrive_ros2_control' build argument 'catkin_skip_building_tests' from command line to 'False'
[1.678s] DEBUG:colcon.colcon_core.verb:Building package 'odrive_ros2_control' with the following arguments: {'ament_cmake_args': None, 'build_base': '/home/dr/amr-travelobot/ros_ws/src/odrive_ros2_control/build/odrive_ros2_control', 'catkin_cmake_args': None, 'catkin_skip_building_tests': False, 'cmake_args': None, 'cmake_clean_cache': False, 'cmake_clean_first': False, 'cmake_force_configure': False, 'cmake_target': None, 'cmake_target_skip_unavailable': False, 'install_base': '/home/dr/amr-travelobot/ros_ws/src/odrive_ros2_control/install/odrive_ros2_control', 'merge_install': False, 'path': '/home/dr/amr-travelobot/ros_ws/src/odrive_ros2_control/odrive_ros2_control', 'symlink_install': False, 'test_result_base': None}
[1.681s] INFO:colcon.colcon_core.executor:Executing jobs using 'parallel' executor
[1.746s] DEBUG:colcon.colcon_parallel_executor.executor.parallel:run_until_complete
[1.747s] INFO:colcon.colcon_ros.task.ament_cmake.build:Building ROS package in '/home/dr/amr-travelobot/ros_ws/src/odrive_ros2_control/odrive_description' with build type 'ament_cmake'
[1.748s] INFO:colcon.colcon_cmake.task.cmake.build:Building CMake package in '/home/dr/amr-travelobot/ros_ws/src/odrive_ros2_control/odrive_description'
[1.785s] INFO:colcon.colcon_core.plugin_system:Skipping extension 'colcon_core.shell.bat': Not used on non-Windows systems
[1.786s] INFO:colcon.colcon_core.shell:Skip shell extension 'powershell' for command environment: Not usable outside of PowerShell
[1.787s] DEBUG:colcon.colcon_core.shell:Skip shell extension 'dsv' for command environment
[1.811s] INFO:colcon.colcon_ros.task.ament_cmake.build:Building ROS package in '/home/dr/amr-travelobot/ros_ws/src/odrive_ros2_control/odrive_hardware_interface' with build type 'ament_cmake'
[1.813s] INFO:colcon.colcon_cmake.task.cmake.build:Building CMake package in '/home/dr/amr-travelobot/ros_ws/src/odrive_ros2_control/odrive_hardware_interface'
[1.822s] INFO:colcon.colcon_core.shell:Skip shell extension 'powershell' for command environment: Not usable outside of PowerShell
[1.822s] DEBUG:colcon.colcon_core.shell:Skip shell extension 'dsv' for command environment
[1.871s] DEBUG:colcon.colcon_core.event_handler.log_command:Invoking command in '/home/dr/amr-travelobot/ros_ws/src/odrive_ros2_control/build/odrive_description': /usr/bin/cmake /home/dr/amr-travelobot/ros_ws/src/odrive_ros2_control/odrive_description -DCMAKE_INSTALL_PREFIX=/home/dr/amr-travelobot/ros_ws/src/odrive_ros2_control/install/odrive_description
[1.944s] DEBUG:colcon.colcon_core.event_handler.log_command:Invoking command in '/home/dr/amr-travelobot/ros_ws/src/odrive_ros2_control/build/odrive_hardware_interface': /usr/bin/cmake /home/dr/amr-travelobot/ros_ws/src/odrive_ros2_control/odrive_hardware_interface -DCMAKE_INSTALL_PREFIX=/home/dr/amr-travelobot/ros_ws/src/odrive_ros2_control/install/odrive_hardware_interface
[5.042s] DEBUG:colcon.colcon_core.event_handler.log_command:Invoked command in '/home/dr/amr-travelobot/ros_ws/src/odrive_ros2_control/build/odrive_hardware_interface' returned '1': /usr/bin/cmake /home/dr/amr-travelobot/ros_ws/src/odrive_ros2_control/odrive_hardware_interface -DCMAKE_INSTALL_PREFIX=/home/dr/amr-travelobot/ros_ws/src/odrive_ros2_control/install/odrive_hardware_interface
[5.089s] Level 1:colcon.colcon_core.environment:create_environment_scripts_only(odrive_hardware_interface)
[5.139s] Level 1:colcon.colcon_core.environment:checking '/home/dr/amr-travelobot/ros_ws/src/odrive_ros2_control/install/odrive_hardware_interface' for CMake module files
[5.141s] Level 1:colcon.colcon_core.environment:checking '/home/dr/amr-travelobot/ros_ws/src/odrive_ros2_control/install/odrive_hardware_interface' for CMake config files
[5.142s] Level 1:colcon.colcon_core.environment:checking '/home/dr/amr-travelobot/ros_ws/src/odrive_ros2_control/install/odrive_hardware_interface/bin'
[5.143s] Level 1:colcon.colcon_core.environment:checking '/home/dr/amr-travelobot/ros_ws/src/odrive_ros2_control/install/odrive_hardware_interface/lib/pkgconfig/odrive_hardware_interface.pc'
[5.147s] Level 1:colcon.colcon_core.environment:checking '/home/dr/amr-travelobot/ros_ws/src/odrive_ros2_control/install/odrive_hardware_interface/lib/python3.8/site-packages'
[5.148s] Level 1:colcon.colcon_core.environment:checking '/home/dr/amr-travelobot/ros_ws/src/odrive_ros2_control/install/odrive_hardware_interface/bin'
[5.154s] INFO:colcon.colcon_core.shell:Creating package script '/home/dr/amr-travelobot/ros_ws/src/odrive_ros2_control/install/odrive_hardware_interface/share/odrive_hardware_interface/package.ps1'
[5.159s] INFO:colcon.colcon_core.shell:Creating package descriptor '/home/dr/amr-travelobot/ros_ws/src/odrive_ros2_control/install/odrive_hardware_interface/share/odrive_hardware_interface/package.dsv'
[5.162s] INFO:colcon.colcon_core.shell:Creating package script '/home/dr/amr-travelobot/ros_ws/src/odrive_ros2_control/install/odrive_hardware_interface/share/odrive_hardware_interface/package.sh'
[5.165s] INFO:colcon.colcon_core.shell:Creating package script '/home/dr/amr-travelobot/ros_ws/src/odrive_ros2_control/install/odrive_hardware_interface/share/odrive_hardware_interface/package.bash'
[5.169s] INFO:colcon.colcon_core.shell:Creating package script '/home/dr/amr-travelobot/ros_ws/src/odrive_ros2_control/install/odrive_hardware_interface/share/odrive_hardware_interface/package.zsh'
[5.172s] Level 1:colcon.colcon_core.environment:create_file_with_runtime_dependencies(/home/dr/amr-travelobot/ros_ws/src/odrive_ros2_control/install/odrive_hardware_interface/share/colcon-core/packages/odrive_hardware_interface)
[5.187s] DEBUG:colcon.colcon_parallel_executor.executor.parallel:closing loop
[5.188s] DEBUG:colcon.colcon_parallel_executor.executor.parallel:loop closed
[5.189s] DEBUG:colcon.colcon_parallel_executor.executor.parallel:run_until_complete finished with '1'
[5.189s] DEBUG:colcon.colcon_core.event_reactor:joining thread
[5.253s] INFO:colcon.colcon_core.plugin_system:Skipping extension 'colcon_notification.desktop_notification.terminal_notifier': Not used on non-Darwin systems
[5.253s] INFO:colcon.colcon_core.plugin_system:Skipping extension 'colcon_notification.desktop_notification.win32': Not used on non-Windows systems
[5.253s] INFO:colcon.colcon_notification.desktop_notification:Sending desktop notification using 'notify2'
[5.626s] DEBUG:colcon.colcon_core.event_reactor:joined thread
[5.635s] INFO:colcon.colcon_core.shell:Creating prefix script '/home/dr/amr-travelobot/ros_ws/src/odrive_ros2_control/install/local_setup.ps1'
[5.641s] INFO:colcon.colcon_core.shell:Creating prefix util module '/home/dr/amr-travelobot/ros_ws/src/odrive_ros2_control/install/_local_setup_util_ps1.py'
[5.648s] INFO:colcon.colcon_core.shell:Creating prefix chain script '/home/dr/amr-travelobot/ros_ws/src/odrive_ros2_control/install/setup.ps1'
[5.655s] INFO:colcon.colcon_core.shell:Creating prefix script '/home/dr/amr-travelobot/ros_ws/src/odrive_ros2_control/install/local_setup.sh'
[5.658s] INFO:colcon.colcon_core.shell:Creating prefix util module '/home/dr/amr-travelobot/ros_ws/src/odrive_ros2_control/install/_local_setup_util_sh.py'
[5.660s] INFO:colcon.colcon_core.shell:Creating prefix chain script '/home/dr/amr-travelobot/ros_ws/src/odrive_ros2_control/install/setup.sh'
[5.667s] INFO:colcon.colcon_core.shell:Creating prefix script '/home/dr/amr-travelobot/ros_ws/src/odrive_ros2_control/install/local_setup.bash'
[5.670s] INFO:colcon.colcon_core.shell:Creating prefix chain script '/home/dr/amr-travelobot/ros_ws/src/odrive_ros2_control/install/setup.bash'
[5.676s] INFO:colcon.colcon_core.shell:Creating prefix script '/home/dr/amr-travelobot/ros_ws/src/odrive_ros2_control/install/local_setup.zsh'
[5.679s] INFO:colcon.colcon_core.shell:Creating prefix chain script '/home/dr/amr-travelobot/ros_ws/src/odrive_ros2_control/install/setup.zsh'
